<?xml version="1.0" encoding="UTF-8"?>
<!-- Generated by org.testng.reporters.JUnitReportReporter -->
<testsuite hostname="admin-PC" name="com.pom.DataDrivenTest" tests="3" failures="0" timestamp="25 Jun 2017 15:39:04 GMT" time="134.199" errors="0">
  <testcase name="data" time="45.418" classname="com.pom.DataDrivenTest"/>
  <testcase name="data" time="46.179" classname="com.pom.DataDrivenTest"/>
  <testcase name="data" time="42.602" classname="com.pom.DataDrivenTest"/>
</testsuite> <!-- com.pom.DataDrivenTest -->
