<?xml version="1.0" encoding="UTF-8"?>
<!-- Generated by org.testng.reporters.JUnitReportReporter -->
<testsuite hostname="admin-PC" name="regression.FaceBookTest" tests="1" failures="0" timestamp="22 Jun 2017 13:42:29 GMT" time="33.837" errors="0">
  <testcase name="FacebookLogin" time="33.837" classname="regression.FaceBookTest"/>
</testsuite> <!-- regression.FaceBookTest -->
