<?xml version="1.0" encoding="UTF-8"?>
<!-- Generated by org.testng.reporters.JUnitReportReporter -->
<testsuite hostname="admin-PC" name="datadriven.DataDrivenTest" tests="3" failures="0" timestamp="19 Jun 2017 17:06:35 GMT" time="46.204" errors="0">
  <testcase name="data" time="14.758" classname="datadriven.DataDrivenTest"/>
  <testcase name="data" time="16.179" classname="datadriven.DataDrivenTest"/>
  <testcase name="data" time="15.267" classname="datadriven.DataDrivenTest"/>
</testsuite> <!-- datadriven.DataDrivenTest -->
